TN:
SF:src/services/ab-testing.ts
FN:28,(anonymous_0)
FN:37,(anonymous_1)
FN:52,(anonymous_2)
FN:64,(anonymous_3)
FN:71,(anonymous_4)
FN:73,(anonymous_5)
FN:81,(anonymous_6)
FN:122,(anonymous_7)
FN:136,(anonymous_8)
FN:158,(anonymous_9)
FN:160,(anonymous_10)
FN:166,(anonymous_11)
FN:193,(anonymous_12)
FN:205,(anonymous_13)
FN:211,(anonymous_14)
FN:225,(anonymous_15)
FN:226,(anonymous_16)
FN:229,(anonymous_17)
FN:230,(anonymous_18)
FN:243,(anonymous_19)
FN:262,(anonymous_20)
FN:268,(anonymous_21)
FN:270,(anonymous_22)
FN:287,(anonymous_23)
FN:292,(anonymous_24)
FN:293,(anonymous_25)
FN:295,(anonymous_26)
FN:296,(anonymous_27)
FN:317,(anonymous_28)
FN:331,(anonymous_29)
FN:351,(anonymous_30)
FN:363,(anonymous_31)
FN:375,(anonymous_32)
FN:389,(anonymous_33)
FN:404,(anonymous_34)
FN:417,createPresetExperiments
FN:534,createAndStartExperiment
FN:539,(anonymous_37)
FNF:38
FNH:36
FNDA:23,(anonymous_0)
FNDA:18,(anonymous_1)
FNDA:1,(anonymous_2)
FNDA:3,(anonymous_3)
FNDA:1,(anonymous_4)
FNDA:2,(anonymous_5)
FNDA:1259,(anonymous_6)
FNDA:1256,(anonymous_7)
FNDA:152,(anonymous_8)
FNDA:1,(anonymous_9)
FNDA:1,(anonymous_10)
FNDA:3,(anonymous_11)
FNDA:4,(anonymous_12)
FNDA:300,(anonymous_13)
FNDA:2,(anonymous_14)
FNDA:150,(anonymous_15)
FNDA:81,(anonymous_16)
FNDA:150,(anonymous_17)
FNDA:69,(anonymous_18)
FNDA:2,(anonymous_19)
FNDA:4,(anonymous_20)
FNDA:150,(anonymous_21)
FNDA:150,(anonymous_22)
FNDA:2,(anonymous_23)
FNDA:81,(anonymous_24)
FNDA:69,(anonymous_25)
FNDA:81,(anonymous_26)
FNDA:69,(anonymous_27)
FNDA:2,(anonymous_28)
FNDA:2,(anonymous_29)
FNDA:2,(anonymous_30)
FNDA:1,(anonymous_31)
FNDA:1256,(anonymous_32)
FNDA:2,(anonymous_33)
FNDA:2,(anonymous_34)
FNDA:2,createPresetExperiments
FNDA:0,createAndStartExperiment
FNDA:0,(anonymous_37)
DA:23,1
DA:29,23
DA:30,23
DA:31,23
DA:38,18
DA:39,1
DA:42,17
DA:43,17
DA:44,17
DA:46,17
DA:53,1
DA:54,1
DA:56,1
DA:57,1
DA:58,1
DA:65,3
DA:72,1
DA:73,2
DA:82,1259
DA:83,1259
DA:84,3
DA:88,1256
DA:89,1256
DA:90,0
DA:92,1256
DA:93,0
DA:97,1256
DA:100,1256
DA:101,1256
DA:102,1873
DA:103,1873
DA:104,1873
DA:106,1873
DA:108,1255
DA:109,1255
DA:114,1
DA:115,1
DA:116,1
DA:123,1256
DA:124,1256
DA:130,1256
DA:143,152
DA:144,152
DA:152,152
DA:159,1
DA:160,1
DA:167,3
DA:168,3
DA:170,2
DA:171,2
DA:174,2
DA:176,2
DA:177,150
DA:178,4
DA:182,2
DA:183,150
DA:184,150
DA:186,150
DA:187,4
DA:189,150
DA:193,2
DA:194,4
DA:195,4
DA:197,4
DA:198,4
DA:199,4
DA:200,4
DA:203,4
DA:205,300
DA:211,2
DA:212,2
DA:213,2
DA:215,2
DA:216,0
DA:224,2
DA:225,150
DA:226,81
DA:228,2
DA:229,150
DA:230,69
DA:232,2
DA:234,2
DA:243,2
DA:244,2
DA:246,2
DA:247,1
DA:248,1
DA:251,2
DA:263,4
DA:264,0
DA:267,4
DA:268,150
DA:270,150
DA:271,4
DA:274,4
DA:275,4
DA:277,4
DA:288,2
DA:289,0
DA:292,81
DA:293,69
DA:295,81
DA:296,69
DA:298,2
DA:299,2
DA:301,2
DA:302,2
DA:305,2
DA:308,2
DA:309,2
DA:311,2
DA:319,2
DA:322,2
DA:325,2
DA:332,2
DA:333,2
DA:335,2
DA:336,2
DA:337,2
DA:338,2
DA:339,2
DA:340,2
DA:342,2
DA:343,2
DA:345,2
DA:352,2
DA:353,2
DA:354,0
DA:355,0
DA:356,0
DA:357,0
DA:369,1
DA:376,1256
DA:377,1256
DA:378,1256
DA:379,20962
DA:380,20962
DA:381,20962
DA:383,1256
DA:394,2
DA:405,2
DA:407,1
DA:408,1
DA:409,1
DA:410,1
DA:417,1
DA:418,2
DA:534,1
DA:538,0
DA:539,0
DA:541,0
DA:542,0
DA:546,0
DA:547,0
DA:550,1
LF:155
LH:140
BRDA:38,0,0,1
BRDA:54,1,0,0
BRDA:65,2,0,3
BRDA:65,2,1,2
BRDA:83,3,0,3
BRDA:83,4,0,1259
BRDA:83,4,1,1258
BRDA:89,5,0,0
BRDA:92,6,0,0
BRDA:92,7,0,1256
BRDA:92,7,1,0
BRDA:103,8,0,1873
BRDA:103,8,1,1
BRDA:106,9,0,1255
BRDA:123,10,0,1256
BRDA:123,10,1,0
BRDA:143,11,0,152
BRDA:143,11,1,0
BRDA:159,12,0,1
BRDA:159,12,1,0
BRDA:160,13,0,1
BRDA:160,13,1,0
BRDA:168,14,0,1
BRDA:170,15,0,2
BRDA:170,15,1,0
BRDA:171,16,0,2
BRDA:171,16,1,0
BRDA:177,17,0,4
BRDA:184,18,0,0
BRDA:186,19,0,4
BRDA:194,20,0,4
BRDA:194,20,1,0
BRDA:198,21,0,4
BRDA:198,21,1,0
BRDA:215,22,0,0
BRDA:215,23,0,2
BRDA:215,23,1,2
BRDA:225,24,0,150
BRDA:225,24,1,81
BRDA:229,25,0,150
BRDA:229,25,1,69
BRDA:246,26,0,1
BRDA:263,27,0,0
BRDA:270,28,0,4
BRDA:270,28,1,0
BRDA:274,29,0,2
BRDA:274,29,1,2
BRDA:288,30,0,0
BRDA:288,31,0,2
BRDA:288,31,1,2
BRDA:299,32,0,0
BRDA:309,33,0,2
BRDA:309,33,1,0
BRDA:332,34,0,2
BRDA:332,34,1,0
BRDA:352,35,0,0
BRDA:353,36,0,2
BRDA:354,37,0,0
BRDA:355,38,0,0
BRDA:356,39,0,0
BRDA:369,40,0,1
BRDA:369,40,1,0
BRDA:395,41,0,2
BRDA:395,41,1,1
BRDA:396,42,0,2
BRDA:396,42,1,1
BRDA:397,43,0,2
BRDA:397,43,1,1
BRDA:405,44,0,1
BRDA:541,45,0,0
BRF:70
BRH:44
end_of_record
TN:
SF:src/services/cat-engine.ts
FN:28,(anonymous_0)
FN:39,(anonymous_1)
FN:49,(anonymous_2)
FN:62,(anonymous_3)
FN:69,(anonymous_4)
FN:74,(anonymous_5)
FN:95,(anonymous_6)
FN:103,(anonymous_7)
FN:131,(anonymous_8)
FN:146,(anonymous_9)
FN:150,(anonymous_10)
FN:167,(anonymous_11)
FN:186,(anonymous_12)
FN:188,(anonymous_13)
FN:200,(anonymous_14)
FN:207,(anonymous_15)
FN:262,(anonymous_16)
FN:281,(anonymous_17)
FN:293,(anonymous_18)
FN:300,(anonymous_19)
FN:308,(anonymous_20)
FN:324,(anonymous_21)
FN:331,(anonymous_22)
FN:338,(anonymous_23)
FN:342,(anonymous_24)
FN:345,(anonymous_25)
FNF:26
FNH:25
FNDA:25,(anonymous_0)
FNDA:110892,(anonymous_1)
FNDA:196,(anonymous_2)
FNDA:15251,(anonymous_3)
FNDA:15251,(anonymous_4)
FNDA:529543,(anonymous_5)
FNDA:15251,(anonymous_6)
FNDA:163,(anonymous_7)
FNDA:24,(anonymous_8)
FNDA:24,(anonymous_9)
FNDA:186,(anonymous_10)
FNDA:8,(anonymous_11)
FNDA:117,(anonymous_12)
FNDA:1053,(anonymous_13)
FNDA:93,(anonymous_14)
FNDA:125,(anonymous_15)
FNDA:3,(anonymous_16)
FNDA:9,(anonymous_17)
FNDA:16,(anonymous_18)
FNDA:0,(anonymous_19)
FNDA:5,(anonymous_20)
FNDA:8,(anonymous_21)
FNDA:8,(anonymous_22)
FNDA:1,(anonymous_23)
FNDA:4,(anonymous_24)
FNDA:12,(anonymous_25)
DA:15,1
DA:23,1
DA:29,25
DA:30,25
DA:31,25
DA:40,110892
DA:41,110892
DA:42,110892
DA:54,196
DA:55,196
DA:56,196
DA:63,15251
DA:70,15251
DA:72,15251
DA:73,15251
DA:74,529543
DA:75,110696
DA:77,110696
DA:80,110696
DA:82,110696
DA:83,110292
DA:85,404
DA:89,15251
DA:96,15251
DA:104,163
DA:105,12
DA:108,151
DA:109,151
DA:110,151
DA:112,151
DA:113,151
DA:115,151
DA:116,15251
DA:117,15251
DA:119,15251
DA:120,15251
DA:123,151
DA:124,151
DA:132,24
DA:133,1
DA:136,23
DA:137,23
DA:139,23
DA:140,23
DA:147,24
DA:149,24
DA:150,186
DA:151,67
DA:153,67
DA:161,24
DA:168,8
DA:169,8
DA:172,8
DA:178,8
DA:179,8
DA:187,117
DA:188,1053
DA:191,117
DA:192,92
DA:196,25
DA:199,25
DA:200,25
DA:201,93
DA:205,25
DA:206,25
DA:207,125
DA:211,25
DA:212,25
DA:214,25
DA:216,143
DA:217,50
DA:220,93
DA:226,93
DA:227,33
DA:228,33
DA:233,25
DA:234,8
DA:235,36
DA:241,36
DA:242,14
DA:243,14
DA:248,25
DA:249,25
DA:252,25
DA:264,3
DA:265,1
DA:269,2
DA:270,1
DA:274,1
DA:275,1
DA:276,0
DA:280,1
DA:281,9
DA:283,1
DA:284,0
DA:287,1
DA:294,16
DA:301,0
DA:302,0
DA:309,5
DA:310,5
DA:311,5
DA:313,5
DA:325,8
DA:332,8
DA:339,1
DA:340,1
DA:342,4
DA:344,1
DA:345,12
DA:346,3
DA:347,3
DA:351,1
DA:355,1
LF:114
LH:110
BRDA:28,0,0,0
BRDA:28,1,0,0
BRDA:70,2,0,0
BRDA:75,3,0,0
BRDA:82,4,0,110292
BRDA:82,4,1,404
BRDA:104,5,0,12
BRDA:123,6,0,0
BRDA:132,7,0,1
BRDA:139,8,0,0
BRDA:151,9,0,0
BRDA:167,10,0,8
BRDA:178,11,0,8
BRDA:178,11,1,0
BRDA:191,12,0,92
BRDA:201,13,0,93
BRDA:201,13,1,50
BRDA:216,14,0,50
BRDA:226,15,0,33
BRDA:233,16,0,8
BRDA:241,17,0,14
BRDA:248,18,0,25
BRDA:264,19,0,1
BRDA:269,20,0,1
BRDA:275,21,0,0
BRDA:283,22,0,0
BRDA:346,23,0,3
BRF:27
BRH:17
end_of_record
TN:
SF:src/services/stability-calculator.ts
FN:24,boxMullerRandom
FN:34,calculateDimensionStats
FN:40,(anonymous_2)
FN:42,(anonymous_3)
FN:57,calculateStability
FN:85,(anonymous_5)
FN:89,(anonymous_6)
FN:90,(anonymous_7)
FN:91,(anonymous_8)
FN:92,(anonymous_9)
FN:93,(anonymous_10)
FN:180,runMonteCarloSimulation
FN:220,(anonymous_12)
FN:224,(anonymous_13)
FN:245,calculateTestRetestReliability
FN:265,(anonymous_15)
FN:272,pearsonCorrelation
FN:276,(anonymous_17)
FN:277,(anonymous_18)
FN:300,getStabilityStatusColor
FN:318,getStabilityStatusText
FNF:21
FNH:18
FNDA:0,boxMullerRandom
FNDA:220110,calculateDimensionStats
FNDA:8350835,(anonymous_2)
FNDA:8350835,(anonymous_3)
FNDA:25,calculateStability
FNDA:145,(anonymous_5)
FNDA:167,(anonymous_6)
FNDA:167,(anonymous_7)
FNDA:167,(anonymous_8)
FNDA:167,(anonymous_9)
FNDA:167,(anonymous_10)
FNDA:22,runMonteCarloSimulation
FNDA:220000,(anonymous_12)
FNDA:2429204,(anonymous_13)
FNDA:3,calculateTestRetestReliability
FNDA:4,(anonymous_15)
FNDA:4,pearsonCorrelation
FNDA:20,(anonymous_17)
FNDA:20,(anonymous_18)
FNDA:0,getStabilityStatusColor
FNDA:0,getStabilityStatusText
DA:14,1
DA:25,0
DA:26,0
DA:27,0
DA:28,0
DA:35,220110
DA:36,0
DA:39,220110
DA:40,8350835
DA:42,8350835
DA:43,220110
DA:46,220110
DA:48,220110
DA:57,1
DA:61,25
DA:64,25
DA:66,3
DA:85,145
DA:88,22
DA:89,167
DA:90,167
DA:91,167
DA:92,167
DA:93,167
DA:97,22
DA:106,22
DA:115,22
DA:118,22
DA:126,22
DA:128,22
DA:130,16
DA:131,10
DA:132,6
DA:133,0
DA:135,6
DA:136,6
DA:140,6
DA:141,6
DA:146,22
DA:148,6
DA:149,6
DA:150,6
DA:153,16
DA:156,22
DA:186,22
DA:194,22
DA:195,22
DA:196,0
DA:203,22
DA:205,22
DA:207,220000
DA:208,220000
DA:209,8350000
DA:210,8350000
DA:213,220000
DA:214,220000
DA:219,22
DA:220,220000
DA:221,22
DA:224,2429204
DA:225,22
DA:226,22
DA:227,22
DA:230,22
DA:235,22
DA:245,1
DA:246,3
DA:247,1
DA:251,2
DA:253,2
DA:254,4
DA:255,4
DA:257,4
DA:258,4
DA:260,4
DA:261,4
DA:265,4
DA:266,2
DA:273,4
DA:274,4
DA:276,20
DA:277,20
DA:279,4
DA:280,4
DA:281,4
DA:283,4
DA:284,20
DA:285,20
DA:286,20
DA:287,20
DA:288,20
DA:291,4
DA:292,4
DA:294,3
DA:300,1
DA:301,0
DA:303,0
DA:305,0
DA:307,0
DA:309,0
DA:311,0
DA:318,1
DA:319,0
DA:321,0
DA:323,0
DA:325,0
DA:327,0
DA:329,0
DA:333,1
LF:109
LH:90
BRDA:35,0,0,0
BRDA:42,1,0,220110
BRDA:42,1,1,0
BRDA:46,2,0,220110
BRDA:46,2,1,0
BRDA:64,3,0,3
BRDA:128,4,0,16
BRDA:128,4,1,6
BRDA:130,5,0,10
BRDA:130,5,1,6
BRDA:132,6,0,0
BRDA:132,6,1,6
BRDA:146,7,0,6
BRDA:146,7,1,16
BRDA:195,8,0,0
BRDA:246,9,0,1
BRDA:274,10,0,0
BRDA:292,11,0,1
BRDA:301,12,0,0
BRDA:301,12,1,0
BRDA:301,12,2,0
BRDA:301,12,3,0
BRDA:301,12,4,0
BRDA:319,13,0,0
BRDA:319,13,1,0
BRDA:319,13,2,0
BRDA:319,13,3,0
BRDA:319,13,4,0
BRF:28
BRH:12
end_of_record
